# JRE version: Java(TM) SE Runtime Environment (12.0.2+10) (build 12.0.2+10)
# Java VM: Java HotSpot(TM) 64-Bit Server VM (12.0.2+10, mixed mode, sharing, tiered, compressed oops, g1 gc, windows-amd64)
Heap:
 garbage-first heap   total 262144K, used 48674K [0x00000000e0000000, 0x0000000100000000)
  region size 1024K, 23 young (23552K), 19 survivors (19456K)
 Metaspace       used 48654K, capacity 50321K, committed 50432K, reserved 296960K
  class space    used 6711K, capacity 7330K, committed 7424K, reserved 253952K
GC Heap History (10 events):
Event: 3.023 GC heap before
{Heap before GC invocations=2 (full 0):
 garbage-first heap   total 262144K, used 31553K [0x00000000e0000000, 0x0000000100000000)
  region size 1024K, 27 young (27648K), 13 survivors (13312K)
 Metaspace       used 20530K, capacity 21153K, committed 21248K, reserved 272384K
  class space    used 3084K, capacity 3308K, committed 3328K, reserved 253952K
}
Event: 3.031 GC heap after
{Heap after GC invocations=3 (full 0):
 garbage-first heap   total 262144K, used 18950K [0x00000000e0000000, 0x0000000100000000)
  region size 1024K, 11 young (11264K), 11 survivors (11264K)
 Metaspace       used 20530K, capacity 21153K, committed 21248K, reserved 272384K
  class space    used 3084K, capacity 3308K, committed 3328K, reserved 253952K
}
Event: 3.956 GC heap before
{Heap before GC invocations=4 (full 0):
 garbage-first heap   total 262144K, used 92678K [0x00000000e0000000, 0x0000000100000000)
  region size 1024K, 80 young (81920K), 11 survivors (11264K)
 Metaspace       used 31885K, capacity 32759K, committed 32896K, reserved 282624K
  class space    used 4343K, capacity 4638K, committed 4736K, reserved 253952K
}
Event: 3.963 GC heap after
{Heap after GC invocations=5 (full 0):
 garbage-first heap   total 262144K, used 24008K [0x00000000e0000000, 0x0000000100000000)
  region size 1024K, 6 young (6144K), 6 survivors (6144K)
 Metaspace       used 31885K, capacity 32759K, committed 32896K, reserved 282624K
  class space    used 4343K, capacity 4638K, committed 4736K, reserved 253952K
}
Event: 4.293 GC heap before
{Heap before GC invocations=5 (full 0):
 garbage-first heap   total 262144K, used 58824K [0x00000000e0000000, 0x0000000100000000)
  region size 1024K, 41 young (41984K), 6 survivors (6144K)
 Metaspace       used 34618K, capacity 35507K, committed 35584K, reserved 284672K
  class space    used 4757K, capacity 5063K, committed 5120K, reserved 253952K
}
Event: 4.301 GC heap after
{Heap after GC invocations=6 (full 0):
 garbage-first heap   total 262144K, used 24970K [0x00000000e0000000, 0x0000000100000000)
  region size 1024K, 7 young (7168K), 7 survivors (7168K)
 Metaspace       used 34618K, capacity 35507K, committed 35584K, reserved 284672K
  class space    used 4757K, capacity 5063K, committed 5120K, reserved 253952K
}
Event: 5.932 GC heap before
{Heap before GC invocations=7 (full 0):
 garbage-first heap   total 262144K, used 161162K [0x00000000e0000000, 0x0000000100000000)
  region size 1024K, 140 young (143360K), 7 survivors (7168K)
 Metaspace       used 44715K, capacity 46193K, committed 46336K, reserved 294912K
  class space    used 6232K, capacity 6793K, committed 6912K, reserved 253952K
}
Event: 5.942 GC heap after
{Heap after GC invocations=8 (full 0):
 garbage-first heap   total 262144K, used 34627K [0x00000000e0000000, 0x0000000100000000)
  region size 1024K, 17 young (17408K), 17 survivors (17408K)
 Metaspace       used 44715K, capacity 46193K, committed 46336K, reserved 294912K
  class space    used 6232K, capacity 6793K, committed 6912K, reserved 253952K
}
Event: 7.407 GC heap before
{Heap before GC invocations=8 (full 0):
 garbage-first heap   total 262144K, used 169795K [0x00000000e0000000, 0x0000000100000000)
  region size 1024K, 150 young (153600K), 17 survivors (17408K)
 Metaspace       used 47091K, capacity 48733K, committed 48896K, reserved 296960K
  class space    used 6500K, capacity 7099K, committed 7168K, reserved 253952K
}
Event: 7.426 GC heap after
{Heap after GC invocations=9 (full 0):
 garbage-first heap   total 262144K, used 45602K [0x00000000e0000000, 0x0000000100000000)
  region size 1024K, 19 young (19456K), 19 survivors (19456K)
 Metaspace       used 47091K, capacity 48733K, committed 48896K, reserved 296960K
  class space    used 6500K, capacity 7099K, committed 7168K, reserved 253952K
}

